<?xml version="1.0" encoding="UTF-8"?>
<testsuite name="WizardTD.AppTest" tests="5" skipped="0" failures="0" errors="0" timestamp="2023-10-27T12:49:47" hostname="LAPTOP-VNK73J89" time="18.122">
  <properties/>
  <testcase name="testBoardConstruction()" classname="WizardTD.AppTest" time="1.856"/>
  <testcase name="testMouseClick()" classname="WizardTD.AppTest" time="1.165"/>
  <testcase name="gameRestart()" classname="WizardTD.AppTest" time="12.817"/>
  <testcase name="testKeyPress()" classname="WizardTD.AppTest" time="1.143"/>
  <testcase name="testKeyUnpressed()" classname="WizardTD.AppTest" time="1.125"/>
  <system-out><![CDATA[]]></system-out>
  <system-err><![CDATA[]]></system-err>
</testsuite>
