<?xml version="1.0" encoding="UTF-8"?>
<testsuite name="WizardTD.CostTest" tests="11" skipped="0" failures="0" errors="0" timestamp="2023-10-24T23:39:50" hostname="LAPTOP-VNK73J89" time="13.241">
  <properties/>
  <testcase name="testTotalCostCalculationThreeUpgrades()" classname="WizardTD.CostTest" time="1.261"/>
  <testcase name="testTotalCostCalculationTwoUpgrades()" classname="WizardTD.CostTest" time="1.274"/>
  <testcase name="testTotalCostCalculationNegativeLevel()" classname="WizardTD.CostTest" time="1.18"/>
  <testcase name="testTotalCostCalculationOneUpgrade()" classname="WizardTD.CostTest" time="1.194"/>
  <testcase name="testConstruction()" classname="WizardTD.CostTest" time="1.213"/>
  <testcase name="testUpgradeCostValueMultiplier()" classname="WizardTD.CostTest" time="1.159"/>
  <testcase name="testCorrectBoxHeightThreeUpgrades()" classname="WizardTD.CostTest" time="1.208"/>
  <testcase name="testCorrectBoxHeightTwoUpgrades()" classname="WizardTD.CostTest" time="1.205"/>
  <testcase name="testCorrectBoxHeightOneUpgrade()" classname="WizardTD.CostTest" time="1.162"/>
  <testcase name="testInitialUpgradeCostValue()" classname="WizardTD.CostTest" time="1.164"/>
  <testcase name="testNegativeValueUpgradeLevel()" classname="WizardTD.CostTest" time="1.191"/>
  <system-out><![CDATA[]]></system-out>
  <system-err><![CDATA[]]></system-err>
</testsuite>
