<?xml version="1.0" encoding="UTF-8"?>
<testsuite name="WizardTD.BoardTest" tests="1" skipped="0" failures="0" errors="0" timestamp="2023-10-24T23:39:48" hostname="LAPTOP-VNK73J89" time="1.186">
  <properties/>
  <testcase name="testConstruction()" classname="WizardTD.BoardTest" time="1.186"/>
  <system-out><![CDATA[]]></system-out>
  <system-err><![CDATA[]]></system-err>
</testsuite>
