<?xml version="1.0" encoding="UTF-8"?>
<testsuite name="WizardTD.MonsterTest" tests="14" skipped="0" failures="0" errors="0" timestamp="2023-10-24T23:40:31" hostname="LAPTOP-VNK73J89" time="19.21">
  <properties/>
  <testcase name="testClone()" classname="WizardTD.MonsterTest" time="1.33"/>
  <testcase name="testSpawn()" classname="WizardTD.MonsterTest" time="1.346"/>
  <testcase name="testMove()" classname="WizardTD.MonsterTest" time="1.323"/>
  <testcase name="testConstruction()" classname="WizardTD.MonsterTest" time="1.381"/>
  <testcase name="testCorrectSpeed()" classname="WizardTD.MonsterTest" time="1.432"/>
  <testcase name="testIsAliveWhenCreated()" classname="WizardTD.MonsterTest" time="1.298"/>
  <testcase name="testCorrectHP()" classname="WizardTD.MonsterTest" time="1.445"/>
  <testcase name="testAttackPositive()" classname="WizardTD.MonsterTest" time="1.295"/>
  <testcase name="testAttackNegative()" classname="WizardTD.MonsterTest" time="1.311"/>
  <testcase name="testQuantityAfterKill()" classname="WizardTD.MonsterTest" time="1.517"/>
  <testcase name="testCorrectMana()" classname="WizardTD.MonsterTest" time="1.355"/>
  <testcase name="testCorrectArmour()" classname="WizardTD.MonsterTest" time="1.445"/>
  <testcase name="testKillWhenAlive()" classname="WizardTD.MonsterTest" time="1.29"/>
  <testcase name="testCorrectQuantity()" classname="WizardTD.MonsterTest" time="1.414"/>
  <system-out><![CDATA[]]></system-out>
  <system-err><![CDATA[]]></system-err>
</testsuite>
