<?xml version="1.0" encoding="UTF-8"?>
<testsuite name="WizardTD.FireballTest" tests="13" skipped="0" failures="0" errors="0" timestamp="2023-10-24T23:40:03" hostname="LAPTOP-VNK73J89" time="16.143">
  <properties/>
  <testcase name="testCountsToNext()" classname="WizardTD.FireballTest" time="1.272"/>
  <testcase name="testFireballDisappearsX()" classname="WizardTD.FireballTest" time="1.202"/>
  <testcase name="testFireballDisappearsY()" classname="WizardTD.FireballTest" time="1.444"/>
  <testcase name="testFireballTargetReached()" classname="WizardTD.FireballTest" time="1.297"/>
  <testcase name="testConstruction()" classname="WizardTD.FireballTest" time="1.203"/>
  <testcase name="testFastForwardCounts()" classname="WizardTD.FireballTest" time="1.233"/>
  <testcase name="testTargetReachedSetToFalse()" classname="WizardTD.FireballTest" time="1.199"/>
  <testcase name="testConstantFireballSpeedValue()" classname="WizardTD.FireballTest" time="1.213"/>
  <testcase name="testFireballMovementX()" classname="WizardTD.FireballTest" time="1.219"/>
  <testcase name="testFireballMovementY()" classname="WizardTD.FireballTest" time="1.223"/>
  <testcase name="testFastForwardSpeed()" classname="WizardTD.FireballTest" time="1.218"/>
  <testcase name="testFireballReachesTargetX()" classname="WizardTD.FireballTest" time="1.171"/>
  <testcase name="testFireballReachesTargetY()" classname="WizardTD.FireballTest" time="1.216"/>
  <system-out><![CDATA[]]></system-out>
  <system-err><![CDATA[]]></system-err>
</testsuite>
