<?xml version="1.0" encoding="UTF-8"?>
<testsuite name="WizardTD.TowerTest" tests="20" skipped="0" failures="0" errors="0" timestamp="2023-10-24T23:40:50" hostname="LAPTOP-VNK73J89" time="310.133">
  <properties/>
  <testcase name="testCorrectCostRetrieved()" classname="WizardTD.TowerTest" time="1.33"/>
  <testcase name="testAttackingKilledMonsters()" classname="WizardTD.TowerTest" time="57.118"/>
  <testcase name="testConstruction()" classname="WizardTD.TowerTest" time="1.527"/>
  <testcase name="testUnselectedRangeUpgradeLevel()" classname="WizardTD.TowerTest" time="1.395"/>
  <testcase name="testCorrectRange()" classname="WizardTD.TowerTest" time="1.448"/>
  <testcase name="testCorrectSpeed()" classname="WizardTD.TowerTest" time="1.549"/>
  <testcase name="initialFireballsFired()" classname="WizardTD.TowerTest" time="1.357"/>
  <testcase name="testUpgradeLevelDamage()" classname="WizardTD.TowerTest" time="1.391"/>
  <testcase name="testRemovingFiredFireballs()" classname="WizardTD.TowerTest" time="70.392"/>
  <testcase name="testUnselectedSpeedpgradeLevel()" classname="WizardTD.TowerTest" time="1.202"/>
  <testcase name="testUnselectedDamageUpgradeLevel()" classname="WizardTD.TowerTest" time="1.437"/>
  <testcase name="testAttackingAliveMonsters()" classname="WizardTD.TowerTest" time="77.155"/>
  <testcase name="testCorrectDamage()" classname="WizardTD.TowerTest" time="1.366"/>
  <testcase name="testUpgradeTowerLevel()" classname="WizardTD.TowerTest" time="1.546"/>
  <testcase name="testCostRemainsZero()" classname="WizardTD.TowerTest" time="1.687"/>
  <testcase name="testMultipleRangeUpgrades()" classname="WizardTD.TowerTest" time="1.451"/>
  <testcase name="testUpgradeLevelRange()" classname="WizardTD.TowerTest" time="1.46"/>
  <testcase name="testUpgradeLevelSpeed()" classname="WizardTD.TowerTest" time="1.416"/>
  <testcase name="testFiringFireballs()" classname="WizardTD.TowerTest" time="82.368"/>
  <testcase name="testMultipleTowerUpgrades()" classname="WizardTD.TowerTest" time="1.495"/>
  <system-out><![CDATA[]]></system-out>
  <system-err><![CDATA[]]></system-err>
</testsuite>
